<?xml version="1.0" encoding="UTF-8"?>
<testsuite xmlns:xsi="http://www.w3.org/2001/XMLSchema-instance" xsi:noNamespaceSchemaLocation="https://maven.apache.org/surefire/maven-surefire-plugin/xsd/surefire-test-report.xsd" version="3.0.2" name="TestSuite" time="46.132" tests="3" errors="0" skipped="0" failures="0">
  <properties>
[...]
</properties>
  <testcase name="runScenario[&quot;Login with valid credentials&quot;, &quot;Login to Zaidan Educare School Application&quot;](1)" classname="com.zaidan.testng.runner.CucumberRunnerTests" time="13.462">
    <system-out><![CDATA[
@ValidCredentials
Scenario: Login with valid credentials                                                                                                            &amp#27;[90m# src/test/resources/features/LoginPage.feature:8&amp#27;[0m
  &amp#27;[32mGiven &amp#27;[0m&amp#27;[32mUser has opened the browser&amp#27;[0m                                                                                                               &amp#27;[90m# com.zaidan.testng.definitions.LoginPageDefinitions.user_has_opened_the_browser()&amp#27;[0m
  &amp#27;[32mAnd &amp#27;[0m&amp#27;[32mUser has navigated to the login page of Education Fund Payment Management System for Zaidan Educare School app &amp#27;[0m&amp#27;[32m&amp#27;[1m"http://ptbsp.ddns.net:6882"&amp#27;[0m &amp#27;[90m# com.zaidan.testng.definitions.LoginPageDefinitions.user_has_navigated_to_login_page(java.lang.String)&amp#27;[0m
  &amp#27;[32mWhen &amp#27;[0m&amp#27;[32mUser enters username as &amp#27;[0m&amp#27;[32m&amp#27;[1m"bendahara"&amp#27;[0m&amp#27;[32m and password as &amp#27;[0m&amp#27;[32m&amp#27;[1m"admin123"&amp#27;[0m                                                                             &amp#27;[90m# com.zaidan.testng.definitions.LoginPageDefinitions.goToHomePage(java.lang.String,java.lang.String)&amp#27;[0m
  &amp#27;[32mAnd &amp#27;[0m&amp#27;[32mUser clicks on the login button&amp#27;[0m                                                                                                             &amp#27;[90m# com.zaidan.testng.definitions.LoginPageDefinitions.clickLoginButton()&amp#27;[0m
  &amp#27;[32mThen &amp#27;[0m&amp#27;[32mUser is navigated to the dashboard page&amp#27;[0m                                                                                                    &amp#27;[90m# com.zaidan.testng.definitions.LoginPageDefinitions.user_is_navigated_to_dashboard()&amp#27;[0m
  &amp#27;[32mAnd &amp#27;[0m&amp#27;[32mUser should be able to see navigation bar for bendahara&amp#27;[0m                                                                                     &amp#27;[90m# com.zaidan.testng.definitions.LoginPageDefinitions.user_should_see_all_sidebar_items()&amp#27;[0m
]]></system-out>
    <system-err><![CDATA[SLF4J(W): No SLF4J providers were found.
SLF4J(W): Defaulting to no-operation (NOP) logger implementation
SLF4J(W): See https://www.slf4j.org/codes.html#noProviders for further details.
]]></system-err>
  </testcase>
  <testcase name="runScenario[&quot;Login with invalid credentials&quot;, &quot;Login to Zaidan Educare School Application&quot;](2)" classname="com.zaidan.testng.runner.CucumberRunnerTests" time="16.47">
    <system-out><![CDATA[
@InvalidCredentials
Scenario Outline: Login with invalid credentials                                                                                                  &amp#27;[90m# src/test/resources/features/LoginPage.feature:15&amp#27;[0m
  &amp#27;[32mGiven &amp#27;[0m&amp#27;[32mUser has opened the browser&amp#27;[0m                                                                                                               &amp#27;[90m# com.zaidan.testng.definitions.LoginPageDefinitions.user_has_opened_the_browser()&amp#27;[0m
  &amp#27;[32mAnd &amp#27;[0m&amp#27;[32mUser has navigated to the login page of Education Fund Payment Management System for Zaidan Educare School app &amp#27;[0m&amp#27;[32m&amp#27;[1m"http://ptbsp.ddns.net:6882"&amp#27;[0m &amp#27;[90m# com.zaidan.testng.definitions.LoginPageDefinitions.user_has_navigated_to_login_page(java.lang.String)&amp#27;[0m
  &amp#27;[32mWhen &amp#27;[0m&amp#27;[32mUser enters username as &amp#27;[0m&amp#27;[32m&amp#27;[1m"indra"&amp#27;[0m&amp#27;[32m and password as &amp#27;[0m&amp#27;[32m&amp#27;[1m"admin123"&amp#27;[0m                                                                                 &amp#27;[90m# com.zaidan.testng.definitions.LoginPageDefinitions.goToHomePage(java.lang.String,java.lang.String)&amp#27;[0m
  &amp#27;[32mAnd &amp#27;[0m&amp#27;[32mUser clicks on the login button&amp#27;[0m                                                                                                             &amp#27;[90m# com.zaidan.testng.definitions.LoginPageDefinitions.clickLoginButton()&amp#27;[0m
  &amp#27;[32mThen &amp#27;[0m&amp#27;[32mUser should be able to see &amp#27;[0m&amp#27;[32m&amp#27;[1m"Incorrect username or password, please try again!"&amp#27;[0m&amp#27;[32m notification message&amp#27;[0m                                        &amp#27;[90m# com.zaidan.testng.definitions.LoginPageDefinitions.verifyErrorMessage(java.lang.String)&amp#27;[0m
]]></system-out>
  </testcase>
  <testcase name="runScenario[&quot;Check logout is successful with valid credentials as role &quot;bendahara&quot;&quot;, &quot;Logout from Zaidan Educare School Application&quot;](3)" classname="com.zaidan.testng.runner.CucumberRunnerTests" time="13.638">
    <system-out><![CDATA[
@ValidCredentials
Scenario: Check logout is successful with valid credentials as role "bendahara"                                                      &amp#27;[90m# src/test/resources/features/Logout.feature:8&amp#27;[0m
  &amp#27;[32mGiven &amp#27;[0m&amp#27;[32mUser has successfully logged in as &amp#27;[0m&amp#27;[32m&amp#27;[1m"bendahara"&amp#27;[0m&amp#27;[32m with password &amp#27;[0m&amp#27;[32m&amp#27;[1m"admin123"&amp#27;[0m                                                      &amp#27;[90m# com.zaidan.testng.definitions.LogoutDefinitions.user_has_successfully_logged_in(java.lang.String,java.lang.String)&amp#27;[0m
  &amp#27;[32mAnd &amp#27;[0m&amp#27;[32mUser is on the Dasbor page Education Fund Payment Management System for Zaidan Educare School app &amp#27;[0m&amp#27;[32m&amp#27;[1m"http://ptbsp.ddns.net:6882"&amp#27;[0m &amp#27;[90m# com.zaidan.testng.definitions.LogoutDefinitions.user_is_on_dasbor_page(java.lang.String)&amp#27;[0m
  &amp#27;[32mWhen &amp#27;[0m&amp#27;[32mUser clicks on logout button&amp#27;[0m                                                                                                  &amp#27;[90m# com.zaidan.testng.definitions.LogoutDefinitions.user_clicks_on_logout_button()&amp#27;[0m
  &amp#27;[32mAnd &amp#27;[0m&amp#27;[32mUser clicks yes button on logout confirmation pop up&amp#27;[0m                                                                           &amp#27;[90m# com.zaidan.testng.definitions.LogoutDefinitions.user_clicks_yes_on_logout_confirmation_pop_up()&amp#27;[0m
  &amp#27;[32mThen &amp#27;[0m&amp#27;[32mUser should be redirected to the login page&amp#27;[0m                                                                                   &amp#27;[90m# com.zaidan.testng.definitions.LogoutDefinitions.user_should_be_redirected_to_the_login_page()&amp#27;[0m
]]></system-out>
  </testcase>
</testsuite>